{"D:\\Self-Learning\\auth-api\\src\\Applications\\security\\PasswordHash.js": {"path":"D:\\Self-Learning\\auth-api\\src\\Applications\\security\\PasswordHash.js","statementMap":{"0":{"start":{"line":3,"column":4},"end":{"line":3,"column":60}},"1":{"start":{"line":7,"column":4},"end":{"line":7,"column":60}},"2":{"start":{"line":11,"column":0},"end":{"line":11,"column":30}}},"fnMap":{"0":{"name":"(anonymous_0)","decl":{"start":{"line":2,"column":2},"end":{"line":2,"column":3}},"loc":{"start":{"line":2,"column":23},"end":{"line":4,"column":3}},"line":2},"1":{"name":"(anonymous_1)","decl":{"start":{"line":6,"column":2},"end":{"line":6,"column":3}},"loc":{"start":{"line":6,"column":42},"end":{"line":8,"column":3}},"line":6}},"branchMap":{},"s":{"0":1,"1":1,"2":5},"f":{"0":1,"1":1},"b":{},"_coverageSchema":"1a1c01bbd47fc00a2c39e90264f33305004495a9","hash":"11963ffdf62b1569c1aec5b88886f0b5bf77cd1a"}
,"D:\\Self-Learning\\auth-api\\src\\Applications\\security\\TokenManager.js": {"path":"D:\\Self-Learning\\auth-api\\src\\Applications\\security\\TokenManager.js","statementMap":{"0":{"start":{"line":3,"column":4},"end":{"line":3,"column":60}},"1":{"start":{"line":7,"column":4},"end":{"line":7,"column":60}},"2":{"start":{"line":11,"column":4},"end":{"line":11,"column":60}},"3":{"start":{"line":15,"column":0},"end":{"line":15,"column":30}}},"fnMap":{"0":{"name":"(anonymous_0)","decl":{"start":{"line":2,"column":2},"end":{"line":2,"column":3}},"loc":{"start":{"line":2,"column":37},"end":{"line":4,"column":3}},"line":2},"1":{"name":"(anonymous_1)","decl":{"start":{"line":6,"column":2},"end":{"line":6,"column":3}},"loc":{"start":{"line":6,"column":38},"end":{"line":8,"column":3}},"line":6},"2":{"name":"(anonymous_2)","decl":{"start":{"line":10,"column":2},"end":{"line":10,"column":3}},"loc":{"start":{"line":10,"column":41},"end":{"line":12,"column":3}},"line":10}},"branchMap":{},"s":{"0":1,"1":1,"2":1,"3":4},"f":{"0":1,"1":1,"2":1},"b":{},"_coverageSchema":"1a1c01bbd47fc00a2c39e90264f33305004495a9","hash":"80d960298bc72e0147f365713797d69ec471ad0f"}
,"D:\\Self-Learning\\auth-api\\src\\Applications\\use_case\\AddUserUseCase.js": {"path":"D:\\Self-Learning\\auth-api\\src\\Applications\\use_case\\AddUserUseCase.js","statementMap":{"0":{"start":{"line":1,"column":21},"end":{"line":1,"column":73}},"1":{"start":{"line":5,"column":4},"end":{"line":5,"column":42}},"2":{"start":{"line":6,"column":4},"end":{"line":6,"column":38}},"3":{"start":{"line":10,"column":25},"end":{"line":10,"column":57}},"4":{"start":{"line":11,"column":4},"end":{"line":11,"column":78}},"5":{"start":{"line":12,"column":4},"end":{"line":14,"column":6}},"6":{"start":{"line":15,"column":4},"end":{"line":15,"column":54}},"7":{"start":{"line":19,"column":0},"end":{"line":19,"column":32}}},"fnMap":{"0":{"name":"(anonymous_0)","decl":{"start":{"line":4,"column":2},"end":{"line":4,"column":3}},"loc":{"start":{"line":4,"column":48},"end":{"line":7,"column":3}},"line":4},"1":{"name":"(anonymous_1)","decl":{"start":{"line":9,"column":2},"end":{"line":9,"column":3}},"loc":{"start":{"line":9,"column":32},"end":{"line":16,"column":3}},"line":9}},"branchMap":{},"s":{"0":2,"1":2,"2":2,"3":9,"4":5,"5":4,"6":4,"7":2},"f":{"0":2,"1":9},"b":{},"_coverageSchema":"1a1c01bbd47fc00a2c39e90264f33305004495a9","hash":"068aacb3f4498d579430731a5b7917367537f4cf"}
,"D:\\Self-Learning\\auth-api\\src\\Applications\\use_case\\AuthenticationUseCase.js": {"path":"D:\\Self-Learning\\auth-api\\src\\Applications\\use_case\\AuthenticationUseCase.js","statementMap":{"0":{"start":{"line":1,"column":18},"end":{"line":1,"column":67}},"1":{"start":{"line":10,"column":4},"end":{"line":10,"column":42}},"2":{"start":{"line":11,"column":4},"end":{"line":11,"column":38}},"3":{"start":{"line":12,"column":4},"end":{"line":12,"column":38}},"4":{"start":{"line":13,"column":4},"end":{"line":13,"column":62}},"5":{"start":{"line":17,"column":35},"end":{"line":17,"column":64}},"6":{"start":{"line":19,"column":27},"end":{"line":19,"column":79}},"7":{"start":{"line":21,"column":4},"end":{"line":21,"column":63}},"8":{"start":{"line":23,"column":24},"end":{"line":25,"column":6}},"9":{"start":{"line":26,"column":25},"end":{"line":28,"column":6}},"10":{"start":{"line":30,"column":4},"end":{"line":30,"column":71}},"11":{"start":{"line":32,"column":4},"end":{"line":35,"column":6}},"12":{"start":{"line":39,"column":4},"end":{"line":39,"column":40}},"13":{"start":{"line":40,"column":29},"end":{"line":40,"column":43}},"14":{"start":{"line":42,"column":4},"end":{"line":42,"column":74}},"15":{"start":{"line":43,"column":21},"end":{"line":43,"column":78}},"16":{"start":{"line":45,"column":24},"end":{"line":47,"column":6}},"17":{"start":{"line":49,"column":4},"end":{"line":49,"column":23}},"18":{"start":{"line":53,"column":4},"end":{"line":53,"column":40}},"19":{"start":{"line":55,"column":29},"end":{"line":55,"column":43}},"20":{"start":{"line":57,"column":4},"end":{"line":57,"column":74}},"21":{"start":{"line":58,"column":4},"end":{"line":58,"column":74}},"22":{"start":{"line":62,"column":29},"end":{"line":62,"column":43}},"23":{"start":{"line":64,"column":4},"end":{"line":66,"column":5}},"24":{"start":{"line":65,"column":6},"end":{"line":65,"column":72}},"25":{"start":{"line":68,"column":4},"end":{"line":70,"column":5}},"26":{"start":{"line":69,"column":6},"end":{"line":69,"column":72}},"27":{"start":{"line":74,"column":0},"end":{"line":74,"column":39}}},"fnMap":{"0":{"name":"(anonymous_0)","decl":{"start":{"line":4,"column":2},"end":{"line":4,"column":3}},"loc":{"start":{"line":9,"column":5},"end":{"line":14,"column":3}},"line":9},"1":{"name":"(anonymous_1)","decl":{"start":{"line":16,"column":2},"end":{"line":16,"column":3}},"loc":{"start":{"line":16,"column":34},"end":{"line":36,"column":3}},"line":16},"2":{"name":"(anonymous_2)","decl":{"start":{"line":38,"column":2},"end":{"line":38,"column":3}},"loc":{"start":{"line":38,"column":34},"end":{"line":50,"column":3}},"line":38},"3":{"name":"(anonymous_3)","decl":{"start":{"line":52,"column":2},"end":{"line":52,"column":3}},"loc":{"start":{"line":52,"column":35},"end":{"line":59,"column":3}},"line":52},"4":{"name":"(anonymous_4)","decl":{"start":{"line":61,"column":2},"end":{"line":61,"column":3}},"loc":{"start":{"line":61,"column":33},"end":{"line":71,"column":3}},"line":61}},"branchMap":{"0":{"loc":{"start":{"line":64,"column":4},"end":{"line":66,"column":5}},"type":"if","locations":[{"start":{"line":64,"column":4},"end":{"line":66,"column":5}},{"start":{},"end":{}}],"line":64},"1":{"loc":{"start":{"line":68,"column":4},"end":{"line":70,"column":5}},"type":"if","locations":[{"start":{"line":68,"column":4},"end":{"line":70,"column":5}},{"start":{},"end":{}}],"line":68}},"s":{"0":2,"1":8,"2":8,"3":8,"4":8,"5":7,"6":5,"7":4,"8":3,"9":3,"10":3,"11":3,"12":9,"13":3,"14":3,"15":2,"16":2,"17":2,"18":5,"19":3,"20":3,"21":2,"22":14,"23":14,"24":4,"25":10,"26":4,"27":2},"f":{"0":8,"1":7,"2":9,"3":5,"4":14},"b":{"0":[4,10],"1":[4,6]},"_coverageSchema":"1a1c01bbd47fc00a2c39e90264f33305004495a9","hash":"dc2310cfddebd4f5443ee8a3d98c6222bfe1ce38"}
,"D:\\Self-Learning\\auth-api\\src\\Commons\\config.js": {"path":"D:\\Self-Learning\\auth-api\\src\\Commons\\config.js","statementMap":{"0":{"start":{"line":1,"column":15},"end":{"line":1,"column":32}},"1":{"start":{"line":2,"column":13},"end":{"line":2,"column":28}},"2":{"start":{"line":4,"column":0},"end":{"line":10,"column":1}},"3":{"start":{"line":5,"column":2},"end":{"line":7,"column":5}},"4":{"start":{"line":9,"column":2},"end":{"line":9,"column":18}},"5":{"start":{"line":12,"column":15},"end":{"line":25,"column":1}},"6":{"start":{"line":27,"column":0},"end":{"line":27,"column":24}}},"fnMap":{},"branchMap":{"0":{"loc":{"start":{"line":4,"column":0},"end":{"line":10,"column":1}},"type":"if","locations":[{"start":{"line":4,"column":0},"end":{"line":10,"column":1}},{"start":{"line":8,"column":7},"end":{"line":10,"column":1}}],"line":4},"1":{"loc":{"start":{"line":14,"column":10},"end":{"line":14,"column":73}},"type":"cond-expr","locations":[{"start":{"line":14,"column":50},"end":{"line":14,"column":61}},{"start":{"line":14,"column":64},"end":{"line":14,"column":73}}],"line":14},"2":{"loc":{"start":{"line":16,"column":11},"end":{"line":16,"column":79}},"type":"cond-expr","locations":[{"start":{"line":16,"column":52},"end":{"line":16,"column":74}},{"start":{"line":16,"column":77},"end":{"line":16,"column":79}}],"line":16}},"s":{"0":3,"1":3,"2":3,"3":3,"4":0,"5":3,"6":3},"f":{},"b":{"0":[3,0],"1":[3,0],"2":[0,3]},"_coverageSchema":"1a1c01bbd47fc00a2c39e90264f33305004495a9","hash":"d1eac23f7241c9a3c93aaaa0045db54504e38425"}
,"D:\\Self-Learning\\auth-api\\src\\Commons\\exceptions\\AuthenticationError.js": {"path":"D:\\Self-Learning\\auth-api\\src\\Commons\\exceptions\\AuthenticationError.js","statementMap":{"0":{"start":{"line":1,"column":20},"end":{"line":1,"column":44}},"1":{"start":{"line":5,"column":4},"end":{"line":5,"column":24}},"2":{"start":{"line":6,"column":4},"end":{"line":6,"column":38}},"3":{"start":{"line":10,"column":0},"end":{"line":10,"column":37}}},"fnMap":{"0":{"name":"(anonymous_0)","decl":{"start":{"line":4,"column":2},"end":{"line":4,"column":3}},"loc":{"start":{"line":4,"column":23},"end":{"line":7,"column":3}},"line":4}},"branchMap":{},"s":{"0":3,"1":3,"2":3,"3":3},"f":{"0":3},"b":{},"_coverageSchema":"1a1c01bbd47fc00a2c39e90264f33305004495a9","hash":"ba06e839397b2f5fea1edd01070368bb332a0c39"}
,"D:\\Self-Learning\\auth-api\\src\\Commons\\exceptions\\ClientError.js": {"path":"D:\\Self-Learning\\auth-api\\src\\Commons\\exceptions\\ClientError.js","statementMap":{"0":{"start":{"line":3,"column":4},"end":{"line":3,"column":19}},"1":{"start":{"line":5,"column":4},"end":{"line":7,"column":5}},"2":{"start":{"line":6,"column":6},"end":{"line":6,"column":59}},"3":{"start":{"line":9,"column":4},"end":{"line":9,"column":33}},"4":{"start":{"line":10,"column":4},"end":{"line":10,"column":30}},"5":{"start":{"line":14,"column":0},"end":{"line":14,"column":29}}},"fnMap":{"0":{"name":"(anonymous_0)","decl":{"start":{"line":2,"column":2},"end":{"line":2,"column":3}},"loc":{"start":{"line":2,"column":41},"end":{"line":11,"column":3}},"line":2}},"branchMap":{"0":{"loc":{"start":{"line":2,"column":23},"end":{"line":2,"column":39}},"type":"default-arg","locations":[{"start":{"line":2,"column":36},"end":{"line":2,"column":39}}],"line":2},"1":{"loc":{"start":{"line":5,"column":4},"end":{"line":7,"column":5}},"type":"if","locations":[{"start":{"line":5,"column":4},"end":{"line":7,"column":5}},{"start":{},"end":{}}],"line":5}},"s":{"0":35,"1":35,"2":1,"3":34,"4":34,"5":10},"f":{"0":35},"b":{"0":[29],"1":[1,34]},"_coverageSchema":"1a1c01bbd47fc00a2c39e90264f33305004495a9","hash":"524a6e9c723ef42c7cafe7f6fbef8c7a455dd0c7"}
,"D:\\Self-Learning\\auth-api\\src\\Commons\\exceptions\\DomainErrorTranslator.js": {"path":"D:\\Self-Learning\\auth-api\\src\\Commons\\exceptions\\DomainErrorTranslator.js","statementMap":{"0":{"start":{"line":1,"column":23},"end":{"line":1,"column":50}},"1":{"start":{"line":3,"column":30},"end":{"line":7,"column":1}},"2":{"start":{"line":5,"column":4},"end":{"line":5,"column":70}},"3":{"start":{"line":9,"column":0},"end":{"line":34,"column":2}},"4":{"start":{"line":36,"column":0},"end":{"line":36,"column":39}}},"fnMap":{"0":{"name":"(anonymous_0)","decl":{"start":{"line":4,"column":2},"end":{"line":4,"column":3}},"loc":{"start":{"line":4,"column":19},"end":{"line":6,"column":3}},"line":4}},"branchMap":{"0":{"loc":{"start":{"line":5,"column":11},"end":{"line":5,"column":69}},"type":"binary-expr","locations":[{"start":{"line":5,"column":11},"end":{"line":5,"column":60}},{"start":{"line":5,"column":64},"end":{"line":5,"column":69}}],"line":5}},"s":{"0":2,"1":2,"2":22,"3":2,"4":2},"f":{"0":22},"b":{"0":[22,8]},"_coverageSchema":"1a1c01bbd47fc00a2c39e90264f33305004495a9","hash":"c5995f3b04e5e523c820bc44174a13ccae6d064e"}
,"D:\\Self-Learning\\auth-api\\src\\Commons\\exceptions\\InvariantError.js": {"path":"D:\\Self-Learning\\auth-api\\src\\Commons\\exceptions\\InvariantError.js","statementMap":{"0":{"start":{"line":1,"column":20},"end":{"line":1,"column":44}},"1":{"start":{"line":5,"column":4},"end":{"line":5,"column":19}},"2":{"start":{"line":6,"column":4},"end":{"line":6,"column":33}},"3":{"start":{"line":10,"column":0},"end":{"line":10,"column":32}}},"fnMap":{"0":{"name":"(anonymous_0)","decl":{"start":{"line":4,"column":2},"end":{"line":4,"column":3}},"loc":{"start":{"line":4,"column":23},"end":{"line":7,"column":3}},"line":4}},"branchMap":{},"s":{"0":6,"1":28,"2":28,"3":6},"f":{"0":28},"b":{},"_coverageSchema":"1a1c01bbd47fc00a2c39e90264f33305004495a9","hash":"c5680a7a5e20063243f29a5124cb4cc47af46466"}
,"D:\\Self-Learning\\auth-api\\src\\Commons\\exceptions\\NotFoundError.js": {"path":"D:\\Self-Learning\\auth-api\\src\\Commons\\exceptions\\NotFoundError.js","statementMap":{"0":{"start":{"line":1,"column":20},"end":{"line":1,"column":44}},"1":{"start":{"line":5,"column":4},"end":{"line":5,"column":24}},"2":{"start":{"line":6,"column":4},"end":{"line":6,"column":32}},"3":{"start":{"line":10,"column":0},"end":{"line":10,"column":31}}},"fnMap":{"0":{"name":"(anonymous_0)","decl":{"start":{"line":4,"column":2},"end":{"line":4,"column":3}},"loc":{"start":{"line":4,"column":23},"end":{"line":7,"column":3}},"line":4}},"branchMap":{},"s":{"0":3,"1":3,"2":3,"3":3},"f":{"0":3},"b":{},"_coverageSchema":"1a1c01bbd47fc00a2c39e90264f33305004495a9","hash":"c64c702cf4f6006fc4d53ed56374dfbfb6597820"}
,"D:\\Self-Learning\\auth-api\\src\\Domains\\authentications\\AuthenticationRepository.js": {"path":"D:\\Self-Learning\\auth-api\\src\\Domains\\authentications\\AuthenticationRepository.js","statementMap":{"0":{"start":{"line":3,"column":4},"end":{"line":3,"column":72}},"1":{"start":{"line":7,"column":4},"end":{"line":7,"column":72}},"2":{"start":{"line":11,"column":4},"end":{"line":11,"column":72}},"3":{"start":{"line":15,"column":0},"end":{"line":15,"column":42}}},"fnMap":{"0":{"name":"(anonymous_0)","decl":{"start":{"line":2,"column":2},"end":{"line":2,"column":3}},"loc":{"start":{"line":2,"column":31},"end":{"line":4,"column":3}},"line":2},"1":{"name":"(anonymous_1)","decl":{"start":{"line":6,"column":2},"end":{"line":6,"column":3}},"loc":{"start":{"line":6,"column":34},"end":{"line":8,"column":3}},"line":6},"2":{"name":"(anonymous_2)","decl":{"start":{"line":10,"column":2},"end":{"line":10,"column":3}},"loc":{"start":{"line":10,"column":34},"end":{"line":12,"column":3}},"line":10}},"branchMap":{},"s":{"0":1,"1":1,"2":1,"3":4},"f":{"0":1,"1":1,"2":1},"b":{},"_coverageSchema":"1a1c01bbd47fc00a2c39e90264f33305004495a9","hash":"41c1f0a97d5855fbd006a4da91cc418a6f30c3cd"}
,"D:\\Self-Learning\\auth-api\\src\\Domains\\users\\UserRepository.js": {"path":"D:\\Self-Learning\\auth-api\\src\\Domains\\users\\UserRepository.js","statementMap":{"0":{"start":{"line":3,"column":4},"end":{"line":3,"column":62}},"1":{"start":{"line":7,"column":4},"end":{"line":7,"column":62}},"2":{"start":{"line":11,"column":4},"end":{"line":11,"column":62}},"3":{"start":{"line":15,"column":0},"end":{"line":15,"column":32}}},"fnMap":{"0":{"name":"(anonymous_0)","decl":{"start":{"line":2,"column":2},"end":{"line":2,"column":3}},"loc":{"start":{"line":2,"column":30},"end":{"line":4,"column":3}},"line":2},"1":{"name":"(anonymous_1)","decl":{"start":{"line":6,"column":2},"end":{"line":6,"column":3}},"loc":{"start":{"line":6,"column":42},"end":{"line":8,"column":3}},"line":6},"2":{"name":"(anonymous_2)","decl":{"start":{"line":10,"column":2},"end":{"line":10,"column":3}},"loc":{"start":{"line":10,"column":34},"end":{"line":12,"column":3}},"line":10}},"branchMap":{},"s":{"0":1,"1":1,"2":1,"3":5},"f":{"0":1,"1":1,"2":1},"b":{},"_coverageSchema":"1a1c01bbd47fc00a2c39e90264f33305004495a9","hash":"cafc8f46d1e8602333405b9fba43d18a5f116a94"}
,"D:\\Self-Learning\\auth-api\\src\\Domains\\users\\entities\\RegisterUser.js": {"path":"D:\\Self-Learning\\auth-api\\src\\Domains\\users\\entities\\RegisterUser.js","statementMap":{"0":{"start":{"line":3,"column":4},"end":{"line":3,"column":33}},"1":{"start":{"line":5,"column":45},"end":{"line":5,"column":52}},"2":{"start":{"line":7,"column":4},"end":{"line":7,"column":29}},"3":{"start":{"line":8,"column":4},"end":{"line":8,"column":29}},"4":{"start":{"line":9,"column":4},"end":{"line":9,"column":29}},"5":{"start":{"line":13,"column":4},"end":{"line":15,"column":5}},"6":{"start":{"line":14,"column":6},"end":{"line":14,"column":67}},"7":{"start":{"line":17,"column":4},"end":{"line":23,"column":5}},"8":{"start":{"line":22,"column":6},"end":{"line":22,"column":72}},"9":{"start":{"line":25,"column":4},"end":{"line":27,"column":5}},"10":{"start":{"line":26,"column":6},"end":{"line":26,"column":59}},"11":{"start":{"line":29,"column":4},"end":{"line":31,"column":5}},"12":{"start":{"line":30,"column":6},"end":{"line":30,"column":77}},"13":{"start":{"line":35,"column":0},"end":{"line":35,"column":30}}},"fnMap":{"0":{"name":"(anonymous_0)","decl":{"start":{"line":2,"column":2},"end":{"line":2,"column":3}},"loc":{"start":{"line":2,"column":23},"end":{"line":10,"column":3}},"line":2},"1":{"name":"(anonymous_1)","decl":{"start":{"line":12,"column":2},"end":{"line":12,"column":3}},"loc":{"start":{"line":12,"column":51},"end":{"line":32,"column":3}},"line":12}},"branchMap":{"0":{"loc":{"start":{"line":13,"column":4},"end":{"line":15,"column":5}},"type":"if","locations":[{"start":{"line":13,"column":4},"end":{"line":15,"column":5}},{"start":{},"end":{}}],"line":13},"1":{"loc":{"start":{"line":13,"column":8},"end":{"line":13,"column":43}},"type":"binary-expr","locations":[{"start":{"line":13,"column":8},"end":{"line":13,"column":17}},{"start":{"line":13,"column":21},"end":{"line":13,"column":30}},{"start":{"line":13,"column":34},"end":{"line":13,"column":43}}],"line":13},"2":{"loc":{"start":{"line":17,"column":4},"end":{"line":23,"column":5}},"type":"if","locations":[{"start":{"line":17,"column":4},"end":{"line":23,"column":5}},{"start":{},"end":{}}],"line":17},"3":{"loc":{"start":{"line":18,"column":6},"end":{"line":20,"column":34}},"type":"binary-expr","locations":[{"start":{"line":18,"column":6},"end":{"line":18,"column":34}},{"start":{"line":19,"column":6},"end":{"line":19,"column":34}},{"start":{"line":20,"column":6},"end":{"line":20,"column":34}}],"line":18},"4":{"loc":{"start":{"line":25,"column":4},"end":{"line":27,"column":5}},"type":"if","locations":[{"start":{"line":25,"column":4},"end":{"line":27,"column":5}},{"start":{},"end":{}}],"line":25},"5":{"loc":{"start":{"line":29,"column":4},"end":{"line":31,"column":5}},"type":"if","locations":[{"start":{"line":29,"column":4},"end":{"line":31,"column":5}},{"start":{},"end":{}}],"line":29}},"s":{"0":17,"1":9,"2":9,"3":9,"4":9,"5":17,"6":2,"7":15,"8":2,"9":13,"10":2,"11":11,"12":2,"13":4},"f":{"0":17,"1":17},"b":{"0":[2,15],"1":[17,16,16],"2":[2,13],"3":[15,14,14],"4":[2,11],"5":[2,9]},"_coverageSchema":"1a1c01bbd47fc00a2c39e90264f33305004495a9","hash":"4c1f1cadd6ce135bf40f5e62fddd6465f1dbbbe6"}
,"D:\\Self-Learning\\auth-api\\src\\Domains\\users\\entities\\RegisteredUser.js": {"path":"D:\\Self-Learning\\auth-api\\src\\Domains\\users\\entities\\RegisteredUser.js","statementMap":{"0":{"start":{"line":3,"column":4},"end":{"line":3,"column":33}},"1":{"start":{"line":5,"column":39},"end":{"line":5,"column":46}},"2":{"start":{"line":7,"column":4},"end":{"line":7,"column":17}},"3":{"start":{"line":8,"column":4},"end":{"line":8,"column":29}},"4":{"start":{"line":9,"column":4},"end":{"line":9,"column":29}},"5":{"start":{"line":13,"column":4},"end":{"line":15,"column":5}},"6":{"start":{"line":14,"column":6},"end":{"line":14,"column":69}},"7":{"start":{"line":17,"column":4},"end":{"line":23,"column":5}},"8":{"start":{"line":22,"column":6},"end":{"line":22,"column":74}},"9":{"start":{"line":27,"column":0},"end":{"line":27,"column":32}}},"fnMap":{"0":{"name":"(anonymous_0)","decl":{"start":{"line":2,"column":2},"end":{"line":2,"column":3}},"loc":{"start":{"line":2,"column":23},"end":{"line":10,"column":3}},"line":2},"1":{"name":"(anonymous_1)","decl":{"start":{"line":12,"column":2},"end":{"line":12,"column":3}},"loc":{"start":{"line":12,"column":45},"end":{"line":24,"column":3}},"line":12}},"branchMap":{"0":{"loc":{"start":{"line":13,"column":4},"end":{"line":15,"column":5}},"type":"if","locations":[{"start":{"line":13,"column":4},"end":{"line":15,"column":5}},{"start":{},"end":{}}],"line":13},"1":{"loc":{"start":{"line":13,"column":8},"end":{"line":13,"column":37}},"type":"binary-expr","locations":[{"start":{"line":13,"column":8},"end":{"line":13,"column":11}},{"start":{"line":13,"column":15},"end":{"line":13,"column":24}},{"start":{"line":13,"column":28},"end":{"line":13,"column":37}}],"line":13},"2":{"loc":{"start":{"line":17,"column":4},"end":{"line":23,"column":5}},"type":"if","locations":[{"start":{"line":17,"column":4},"end":{"line":23,"column":5}},{"start":{},"end":{}}],"line":17},"3":{"loc":{"start":{"line":18,"column":6},"end":{"line":20,"column":34}},"type":"binary-expr","locations":[{"start":{"line":18,"column":6},"end":{"line":18,"column":28}},{"start":{"line":19,"column":6},"end":{"line":19,"column":34}},{"start":{"line":20,"column":6},"end":{"line":20,"column":34}}],"line":18}},"s":{"0":11,"1":9,"2":9,"3":9,"4":9,"5":11,"6":1,"7":10,"8":1,"9":4},"f":{"0":11,"1":11},"b":{"0":[1,10],"1":[11,10,10],"2":[1,9],"3":[10,9,9]},"_coverageSchema":"1a1c01bbd47fc00a2c39e90264f33305004495a9","hash":"f2828179031e5a603be5db4816cb7b5448da531a"}
,"D:\\Self-Learning\\auth-api\\src\\Domains\\users\\entities\\UserLogin.js": {"path":"D:\\Self-Learning\\auth-api\\src\\Domains\\users\\entities\\UserLogin.js","statementMap":{"0":{"start":{"line":3,"column":4},"end":{"line":3,"column":33}},"1":{"start":{"line":5,"column":35},"end":{"line":5,"column":42}},"2":{"start":{"line":7,"column":4},"end":{"line":7,"column":29}},"3":{"start":{"line":8,"column":4},"end":{"line":8,"column":29}},"4":{"start":{"line":12,"column":4},"end":{"line":14,"column":5}},"5":{"start":{"line":13,"column":6},"end":{"line":13,"column":64}},"6":{"start":{"line":16,"column":4},"end":{"line":18,"column":5}},"7":{"start":{"line":17,"column":6},"end":{"line":17,"column":69}},"8":{"start":{"line":22,"column":0},"end":{"line":22,"column":27}}},"fnMap":{"0":{"name":"(anonymous_0)","decl":{"start":{"line":2,"column":2},"end":{"line":2,"column":3}},"loc":{"start":{"line":2,"column":23},"end":{"line":9,"column":3}},"line":2},"1":{"name":"(anonymous_1)","decl":{"start":{"line":11,"column":2},"end":{"line":11,"column":3}},"loc":{"start":{"line":11,"column":41},"end":{"line":19,"column":3}},"line":11}},"branchMap":{"0":{"loc":{"start":{"line":12,"column":4},"end":{"line":14,"column":5}},"type":"if","locations":[{"start":{"line":12,"column":4},"end":{"line":14,"column":5}},{"start":{},"end":{}}],"line":12},"1":{"loc":{"start":{"line":12,"column":8},"end":{"line":12,"column":30}},"type":"binary-expr","locations":[{"start":{"line":12,"column":8},"end":{"line":12,"column":17}},{"start":{"line":12,"column":21},"end":{"line":12,"column":30}}],"line":12},"2":{"loc":{"start":{"line":16,"column":4},"end":{"line":18,"column":5}},"type":"if","locations":[{"start":{"line":16,"column":4},"end":{"line":18,"column":5}},{"start":{},"end":{}}],"line":16},"3":{"loc":{"start":{"line":16,"column":8},"end":{"line":16,"column":68}},"type":"binary-expr","locations":[{"start":{"line":16,"column":8},"end":{"line":16,"column":36}},{"start":{"line":16,"column":40},"end":{"line":16,"column":68}}],"line":16}},"s":{"0":10,"1":6,"2":6,"3":6,"4":10,"5":2,"6":8,"7":2,"8":3},"f":{"0":10,"1":10},"b":{"0":[2,8],"1":[10,10],"2":[2,6],"3":[8,7]},"_coverageSchema":"1a1c01bbd47fc00a2c39e90264f33305004495a9","hash":"5a16fa8cfd4fe5428ecd04839f808d50c611c227"}
,"D:\\Self-Learning\\auth-api\\src\\Infrastructures\\http\\createServer.js": {"path":"D:\\Self-Learning\\auth-api\\src\\Infrastructures\\http\\createServer.js","statementMap":{"0":{"start":{"line":1,"column":13},"end":{"line":1,"column":34}},"1":{"start":{"line":2,"column":12},"end":{"line":2,"column":32}},"2":{"start":{"line":3,"column":14},"end":{"line":3,"column":56}},"3":{"start":{"line":4,"column":15},"end":{"line":4,"column":46}},"4":{"start":{"line":5,"column":30},"end":{"line":5,"column":87}},"5":{"start":{"line":6,"column":20},"end":{"line":6,"column":67}},"6":{"start":{"line":7,"column":24},"end":{"line":7,"column":76}},"7":{"start":{"line":9,"column":21},"end":{"line":84,"column":1}},"8":{"start":{"line":10,"column":17},"end":{"line":14,"column":4}},"9":{"start":{"line":16,"column":2},"end":{"line":20,"column":5}},"10":{"start":{"line":22,"column":2},"end":{"line":36,"column":5}},"11":{"start":{"line":30,"column":30},"end":{"line":35,"column":5}},"12":{"start":{"line":38,"column":2},"end":{"line":47,"column":5}},"13":{"start":{"line":49,"column":2},"end":{"line":81,"column":5}},"14":{"start":{"line":50,"column":25},"end":{"line":50,"column":32}},"15":{"start":{"line":52,"column":4},"end":{"line":78,"column":5}},"16":{"start":{"line":54,"column":30},"end":{"line":54,"column":71}},"17":{"start":{"line":57,"column":6},"end":{"line":64,"column":7}},"18":{"start":{"line":58,"column":28},"end":{"line":61,"column":10}},"19":{"start":{"line":62,"column":8},"end":{"line":62,"column":53}},"20":{"start":{"line":63,"column":8},"end":{"line":63,"column":27}},"21":{"start":{"line":67,"column":6},"end":{"line":69,"column":7}},"22":{"start":{"line":68,"column":8},"end":{"line":68,"column":26}},"23":{"start":{"line":72,"column":26},"end":{"line":75,"column":8}},"24":{"start":{"line":76,"column":6},"end":{"line":76,"column":28}},"25":{"start":{"line":77,"column":6},"end":{"line":77,"column":25}},"26":{"start":{"line":80,"column":4},"end":{"line":80,"column":22}},"27":{"start":{"line":83,"column":2},"end":{"line":83,"column":16}},"28":{"start":{"line":86,"column":0},"end":{"line":86,"column":30}}},"fnMap":{"0":{"name":"(anonymous_0)","decl":{"start":{"line":9,"column":21},"end":{"line":9,"column":22}},"loc":{"start":{"line":9,"column":42},"end":{"line":84,"column":1}},"line":9},"1":{"name":"(anonymous_1)","decl":{"start":{"line":30,"column":14},"end":{"line":30,"column":15}},"loc":{"start":{"line":30,"column":30},"end":{"line":35,"column":5}},"line":30},"2":{"name":"(anonymous_2)","decl":{"start":{"line":49,"column":30},"end":{"line":49,"column":31}},"loc":{"start":{"line":49,"column":46},"end":{"line":81,"column":3}},"line":49}},"branchMap":{"0":{"loc":{"start":{"line":52,"column":4},"end":{"line":78,"column":5}},"type":"if","locations":[{"start":{"line":52,"column":4},"end":{"line":78,"column":5}},{"start":{},"end":{}}],"line":52},"1":{"loc":{"start":{"line":57,"column":6},"end":{"line":64,"column":7}},"type":"if","locations":[{"start":{"line":57,"column":6},"end":{"line":64,"column":7}},{"start":{},"end":{}}],"line":57},"2":{"loc":{"start":{"line":67,"column":6},"end":{"line":69,"column":7}},"type":"if","locations":[{"start":{"line":67,"column":6},"end":{"line":69,"column":7}},{"start":{},"end":{}}],"line":67}},"s":{"0":1,"1":1,"2":1,"3":1,"4":1,"5":1,"6":1,"7":1,"8":21,"9":21,"10":21,"11":0,"12":21,"13":21,"14":24,"15":24,"16":17,"17":17,"18":15,"19":15,"20":15,"21":2,"22":1,"23":1,"24":1,"25":1,"26":7,"27":21,"28":1},"f":{"0":21,"1":0,"2":24},"b":{"0":[17,7],"1":[15,2],"2":[1,1]},"_coverageSchema":"1a1c01bbd47fc00a2c39e90264f33305004495a9","hash":"b575e13ec5e4eacc9e5913e75e5b4470e0547556"}
,"D:\\Self-Learning\\auth-api\\src\\Infrastructures\\repository\\AuthenticationRepositoryPostgres.js": {"path":"D:\\Self-Learning\\auth-api\\src\\Infrastructures\\repository\\AuthenticationRepositoryPostgres.js","statementMap":{"0":{"start":{"line":1,"column":23},"end":{"line":1,"column":73}},"1":{"start":{"line":2,"column":33},"end":{"line":2,"column":98}},"2":{"start":{"line":6,"column":4},"end":{"line":6,"column":12}},"3":{"start":{"line":7,"column":4},"end":{"line":7,"column":22}},"4":{"start":{"line":11,"column":18},"end":{"line":14,"column":5}},"5":{"start":{"line":16,"column":4},"end":{"line":16,"column":34}},"6":{"start":{"line":20,"column":18},"end":{"line":23,"column":5}},"7":{"start":{"line":25,"column":19},"end":{"line":25,"column":48}},"8":{"start":{"line":27,"column":4},"end":{"line":29,"column":5}},"9":{"start":{"line":28,"column":6},"end":{"line":28,"column":60}},"10":{"start":{"line":33,"column":18},"end":{"line":36,"column":5}},"11":{"start":{"line":38,"column":4},"end":{"line":38,"column":34}},"12":{"start":{"line":42,"column":0},"end":{"line":42,"column":50}}},"fnMap":{"0":{"name":"(anonymous_0)","decl":{"start":{"line":5,"column":2},"end":{"line":5,"column":3}},"loc":{"start":{"line":5,"column":20},"end":{"line":8,"column":3}},"line":5},"1":{"name":"(anonymous_1)","decl":{"start":{"line":10,"column":2},"end":{"line":10,"column":3}},"loc":{"start":{"line":10,"column":31},"end":{"line":17,"column":3}},"line":10},"2":{"name":"(anonymous_2)","decl":{"start":{"line":19,"column":2},"end":{"line":19,"column":3}},"loc":{"start":{"line":19,"column":34},"end":{"line":30,"column":3}},"line":19},"3":{"name":"(anonymous_3)","decl":{"start":{"line":32,"column":2},"end":{"line":32,"column":3}},"loc":{"start":{"line":32,"column":34},"end":{"line":39,"column":3}},"line":32}},"branchMap":{"0":{"loc":{"start":{"line":27,"column":4},"end":{"line":29,"column":5}},"type":"if","locations":[{"start":{"line":27,"column":4},"end":{"line":29,"column":5}},{"start":{},"end":{}}],"line":27}},"s":{"0":2,"1":2,"2":5,"3":5,"4":3,"5":3,"6":6,"7":6,"8":6,"9":3,"10":2,"11":2,"12":2},"f":{"0":5,"1":3,"2":6,"3":2},"b":{"0":[3,3]},"_coverageSchema":"1a1c01bbd47fc00a2c39e90264f33305004495a9","hash":"28103c483b557bd29ba5f8143ae967c66819c119"}
,"D:\\Self-Learning\\auth-api\\src\\Infrastructures\\repository\\UserRepositoryPostgres.js": {"path":"D:\\Self-Learning\\auth-api\\src\\Infrastructures\\repository\\UserRepositoryPostgres.js","statementMap":{"0":{"start":{"line":1,"column":23},"end":{"line":1,"column":73}},"1":{"start":{"line":2,"column":22},"end":{"line":2,"column":71}},"2":{"start":{"line":3,"column":23},"end":{"line":3,"column":77}},"3":{"start":{"line":4,"column":23},"end":{"line":4,"column":68}},"4":{"start":{"line":8,"column":4},"end":{"line":8,"column":12}},"5":{"start":{"line":9,"column":4},"end":{"line":9,"column":22}},"6":{"start":{"line":10,"column":4},"end":{"line":10,"column":36}},"7":{"start":{"line":14,"column":18},"end":{"line":17,"column":5}},"8":{"start":{"line":19,"column":19},"end":{"line":19,"column":48}},"9":{"start":{"line":21,"column":4},"end":{"line":23,"column":5}},"10":{"start":{"line":22,"column":6},"end":{"line":22,"column":58}},"11":{"start":{"line":27,"column":45},"end":{"line":27,"column":57}},"12":{"start":{"line":28,"column":15},"end":{"line":28,"column":44}},"13":{"start":{"line":30,"column":18},"end":{"line":33,"column":5}},"14":{"start":{"line":35,"column":19},"end":{"line":35,"column":48}},"15":{"start":{"line":37,"column":4},"end":{"line":37,"column":53}},"16":{"start":{"line":41,"column":18},"end":{"line":44,"column":5}},"17":{"start":{"line":46,"column":19},"end":{"line":46,"column":48}},"18":{"start":{"line":48,"column":4},"end":{"line":50,"column":5}},"19":{"start":{"line":49,"column":6},"end":{"line":49,"column":54}},"20":{"start":{"line":52,"column":4},"end":{"line":52,"column":35}},"21":{"start":{"line":56,"column":0},"end":{"line":56,"column":40}}},"fnMap":{"0":{"name":"(anonymous_0)","decl":{"start":{"line":7,"column":2},"end":{"line":7,"column":3}},"loc":{"start":{"line":7,"column":33},"end":{"line":11,"column":3}},"line":7},"1":{"name":"(anonymous_1)","decl":{"start":{"line":13,"column":2},"end":{"line":13,"column":3}},"loc":{"start":{"line":13,"column":42},"end":{"line":24,"column":3}},"line":13},"2":{"name":"(anonymous_2)","decl":{"start":{"line":26,"column":2},"end":{"line":26,"column":3}},"loc":{"start":{"line":26,"column":30},"end":{"line":38,"column":3}},"line":26},"3":{"name":"(anonymous_3)","decl":{"start":{"line":40,"column":2},"end":{"line":40,"column":3}},"loc":{"start":{"line":40,"column":34},"end":{"line":53,"column":3}},"line":40}},"branchMap":{"0":{"loc":{"start":{"line":21,"column":4},"end":{"line":23,"column":5}},"type":"if","locations":[{"start":{"line":21,"column":4},"end":{"line":23,"column":5}},{"start":{},"end":{}}],"line":21},"1":{"loc":{"start":{"line":48,"column":4},"end":{"line":50,"column":5}},"type":"if","locations":[{"start":{"line":48,"column":4},"end":{"line":50,"column":5}},{"start":{},"end":{}}],"line":48}},"s":{"0":2,"1":2,"2":2,"3":2,"4":7,"5":7,"6":7,"7":6,"8":6,"9":6,"10":2,"11":5,"12":5,"13":5,"14":5,"15":5,"16":6,"17":6,"18":6,"19":2,"20":4,"21":2},"f":{"0":7,"1":6,"2":5,"3":6},"b":{"0":[2,4],"1":[2,4]},"_coverageSchema":"1a1c01bbd47fc00a2c39e90264f33305004495a9","hash":"c680b08b2d0603f64bec118ecbc38637818b5836"}
,"D:\\Self-Learning\\auth-api\\src\\Infrastructures\\security\\BcryptPasswordHash.js": {"path":"D:\\Self-Learning\\auth-api\\src\\Infrastructures\\security\\BcryptPasswordHash.js","statementMap":{"0":{"start":{"line":1,"column":21},"end":{"line":1,"column":72}},"1":{"start":{"line":2,"column":28},"end":{"line":2,"column":83}},"2":{"start":{"line":6,"column":4},"end":{"line":6,"column":12}},"3":{"start":{"line":7,"column":4},"end":{"line":7,"column":26}},"4":{"start":{"line":8,"column":4},"end":{"line":8,"column":32}},"5":{"start":{"line":12,"column":4},"end":{"line":12,"column":56}},"6":{"start":{"line":16,"column":18},"end":{"line":16,"column":70}},"7":{"start":{"line":18,"column":4},"end":{"line":20,"column":5}},"8":{"start":{"line":19,"column":6},"end":{"line":19,"column":72}},"9":{"start":{"line":24,"column":0},"end":{"line":24,"column":36}}},"fnMap":{"0":{"name":"(anonymous_0)","decl":{"start":{"line":5,"column":2},"end":{"line":5,"column":3}},"loc":{"start":{"line":5,"column":38},"end":{"line":9,"column":3}},"line":5},"1":{"name":"(anonymous_1)","decl":{"start":{"line":11,"column":2},"end":{"line":11,"column":3}},"loc":{"start":{"line":11,"column":23},"end":{"line":13,"column":3}},"line":11},"2":{"name":"(anonymous_2)","decl":{"start":{"line":15,"column":2},"end":{"line":15,"column":3}},"loc":{"start":{"line":15,"column":42},"end":{"line":21,"column":3}},"line":15}},"branchMap":{"0":{"loc":{"start":{"line":5,"column":22},"end":{"line":5,"column":36}},"type":"default-arg","locations":[{"start":{"line":5,"column":34},"end":{"line":5,"column":36}}],"line":5},"1":{"loc":{"start":{"line":18,"column":4},"end":{"line":20,"column":5}},"type":"if","locations":[{"start":{"line":18,"column":4},"end":{"line":20,"column":5}},{"start":{},"end":{}}],"line":18}},"s":{"0":2,"1":2,"2":4,"3":4,"4":4,"5":5,"6":5,"7":5,"8":2,"9":2},"f":{"0":4,"1":5,"2":5},"b":{"0":[4],"1":[2,3]},"_coverageSchema":"1a1c01bbd47fc00a2c39e90264f33305004495a9","hash":"cc504880fd175479104dc8813cb1a35fb5622c64"}
,"D:\\Self-Learning\\auth-api\\src\\Infrastructures\\security\\JwtTokenManager.js": {"path":"D:\\Self-Learning\\auth-api\\src\\Infrastructures\\security\\JwtTokenManager.js","statementMap":{"0":{"start":{"line":1,"column":21},"end":{"line":1,"column":72}},"1":{"start":{"line":2,"column":23},"end":{"line":2,"column":73}},"2":{"start":{"line":6,"column":4},"end":{"line":6,"column":12}},"3":{"start":{"line":7,"column":4},"end":{"line":7,"column":20}},"4":{"start":{"line":11,"column":4},"end":{"line":11,"column":69}},"5":{"start":{"line":15,"column":4},"end":{"line":15,"column":70}},"6":{"start":{"line":19,"column":4},"end":{"line":21,"column":5}},"7":{"start":{"line":20,"column":6},"end":{"line":20,"column":69}},"8":{"start":{"line":23,"column":4},"end":{"line":30,"column":5}},"9":{"start":{"line":24,"column":24},"end":{"line":24,"column":54}},"10":{"start":{"line":25,"column":6},"end":{"line":25,"column":74}},"11":{"start":{"line":26,"column":22},"end":{"line":26,"column":39}},"12":{"start":{"line":27,"column":6},"end":{"line":27,"column":21}},"13":{"start":{"line":29,"column":6},"end":{"line":29,"column":60}},"14":{"start":{"line":34,"column":0},"end":{"line":34,"column":33}}},"fnMap":{"0":{"name":"(anonymous_0)","decl":{"start":{"line":5,"column":2},"end":{"line":5,"column":3}},"loc":{"start":{"line":5,"column":19},"end":{"line":8,"column":3}},"line":5},"1":{"name":"(anonymous_1)","decl":{"start":{"line":10,"column":2},"end":{"line":10,"column":3}},"loc":{"start":{"line":10,"column":31},"end":{"line":12,"column":3}},"line":10},"2":{"name":"(anonymous_2)","decl":{"start":{"line":14,"column":2},"end":{"line":14,"column":3}},"loc":{"start":{"line":14,"column":32},"end":{"line":16,"column":3}},"line":14},"3":{"name":"(anonymous_3)","decl":{"start":{"line":18,"column":2},"end":{"line":18,"column":3}},"loc":{"start":{"line":18,"column":35},"end":{"line":31,"column":3}},"line":18}},"branchMap":{"0":{"loc":{"start":{"line":19,"column":4},"end":{"line":21,"column":5}},"type":"if","locations":[{"start":{"line":19,"column":4},"end":{"line":21,"column":5}},{"start":{},"end":{}}],"line":19},"1":{"loc":{"start":{"line":19,"column":8},"end":{"line":19,"column":57}},"type":"binary-expr","locations":[{"start":{"line":19,"column":8},"end":{"line":19,"column":21}},{"start":{"line":19,"column":25},"end":{"line":19,"column":57}}],"line":19}},"s":{"0":2,"1":2,"2":5,"3":5,"4":4,"5":4,"6":4,"7":1,"8":3,"9":3,"10":2,"11":2,"12":2,"13":1,"14":2},"f":{"0":5,"1":4,"2":4,"3":4},"b":{"0":[1,3],"1":[4,3]},"_coverageSchema":"1a1c01bbd47fc00a2c39e90264f33305004495a9","hash":"9a17270327eb4bc10f01d98462654c7f60e75899"}
,"D:\\Self-Learning\\auth-api\\src\\Interfaces\\http\\api\\authentications\\handler.js": {"path":"D:\\Self-Learning\\auth-api\\src\\Interfaces\\http\\api\\authentications\\handler.js","statementMap":{"0":{"start":{"line":1,"column":30},"end":{"line":1,"column":96}},"1":{"start":{"line":5,"column":4},"end":{"line":5,"column":32}},"2":{"start":{"line":7,"column":4},"end":{"line":7,"column":79}},"3":{"start":{"line":8,"column":4},"end":{"line":8,"column":77}},"4":{"start":{"line":9,"column":4},"end":{"line":10,"column":50}},"5":{"start":{"line":14,"column":34},"end":{"line":16,"column":5}},"6":{"start":{"line":17,"column":42},"end":{"line":19,"column":5}},"7":{"start":{"line":21,"column":21},"end":{"line":27,"column":6}},"8":{"start":{"line":28,"column":4},"end":{"line":28,"column":23}},"9":{"start":{"line":29,"column":4},"end":{"line":29,"column":20}},"10":{"start":{"line":33,"column":34},"end":{"line":35,"column":5}},"11":{"start":{"line":37,"column":24},"end":{"line":37,"column":78}},"12":{"start":{"line":39,"column":21},"end":{"line":44,"column":6}},"13":{"start":{"line":45,"column":4},"end":{"line":45,"column":23}},"14":{"start":{"line":46,"column":4},"end":{"line":46,"column":20}},"15":{"start":{"line":50,"column":34},"end":{"line":52,"column":5}},"16":{"start":{"line":54,"column":4},"end":{"line":54,"column":60}},"17":{"start":{"line":56,"column":21},"end":{"line":59,"column":6}},"18":{"start":{"line":60,"column":4},"end":{"line":60,"column":23}},"19":{"start":{"line":61,"column":4},"end":{"line":61,"column":20}},"20":{"start":{"line":65,"column":0},"end":{"line":65,"column":40}}},"fnMap":{"0":{"name":"(anonymous_0)","decl":{"start":{"line":4,"column":2},"end":{"line":4,"column":3}},"loc":{"start":{"line":4,"column":25},"end":{"line":11,"column":3}},"line":4},"1":{"name":"(anonymous_1)","decl":{"start":{"line":13,"column":2},"end":{"line":13,"column":3}},"loc":{"start":{"line":13,"column":46},"end":{"line":30,"column":3}},"line":13},"2":{"name":"(anonymous_2)","decl":{"start":{"line":32,"column":2},"end":{"line":32,"column":3}},"loc":{"start":{"line":32,"column":45},"end":{"line":47,"column":3}},"line":32},"3":{"name":"(anonymous_3)","decl":{"start":{"line":49,"column":2},"end":{"line":49,"column":3}},"loc":{"start":{"line":49,"column":48},"end":{"line":62,"column":3}},"line":49}},"branchMap":{},"s":{"0":1,"1":21,"2":21,"3":21,"4":21,"5":6,"6":6,"7":2,"8":2,"9":2,"10":4,"11":4,"12":1,"13":1,"14":1,"15":4,"16":4,"17":1,"18":1,"19":1,"20":1},"f":{"0":21,"1":6,"2":4,"3":4},"b":{},"_coverageSchema":"1a1c01bbd47fc00a2c39e90264f33305004495a9","hash":"6ec98ff237acd6f516799f27c6e9c056217ee8ad"}
,"D:\\Self-Learning\\auth-api\\src\\Interfaces\\http\\api\\authentications\\index.js": {"path":"D:\\Self-Learning\\auth-api\\src\\Interfaces\\http\\api\\authentications\\index.js","statementMap":{"0":{"start":{"line":1,"column":31},"end":{"line":1,"column":51}},"1":{"start":{"line":2,"column":15},"end":{"line":2,"column":34}},"2":{"start":{"line":4,"column":0},"end":{"line":10,"column":2}},"3":{"start":{"line":7,"column":35},"end":{"line":7,"column":72}},"4":{"start":{"line":8,"column":4},"end":{"line":8,"column":49}}},"fnMap":{"0":{"name":"(anonymous_0)","decl":{"start":{"line":6,"column":12},"end":{"line":6,"column":13}},"loc":{"start":{"line":6,"column":45},"end":{"line":9,"column":3}},"line":6}},"branchMap":{},"s":{"0":1,"1":1,"2":1,"3":21,"4":21},"f":{"0":21},"b":{},"_coverageSchema":"1a1c01bbd47fc00a2c39e90264f33305004495a9","hash":"a46486e8b0d7f5990406079e9690913b0089660a"}
,"D:\\Self-Learning\\auth-api\\src\\Interfaces\\http\\api\\authentications\\routes.js": {"path":"D:\\Self-Learning\\auth-api\\src\\Interfaces\\http\\api\\authentications\\routes.js","statementMap":{"0":{"start":{"line":1,"column":15},"end":{"line":17,"column":1}},"1":{"start":{"line":1,"column":28},"end":{"line":17,"column":1}},"2":{"start":{"line":19,"column":0},"end":{"line":19,"column":24}}},"fnMap":{"0":{"name":"(anonymous_0)","decl":{"start":{"line":1,"column":15},"end":{"line":1,"column":16}},"loc":{"start":{"line":1,"column":28},"end":{"line":17,"column":1}},"line":1}},"branchMap":{},"s":{"0":1,"1":21,"2":1},"f":{"0":21},"b":{},"_coverageSchema":"1a1c01bbd47fc00a2c39e90264f33305004495a9","hash":"7e9a3fd3baa6ef4bcff1a01c8a9f3504eb35bb5d"}
,"D:\\Self-Learning\\auth-api\\src\\Interfaces\\http\\api\\users\\handler.js": {"path":"D:\\Self-Learning\\auth-api\\src\\Interfaces\\http\\api\\users\\handler.js","statementMap":{"0":{"start":{"line":1,"column":23},"end":{"line":1,"column":82}},"1":{"start":{"line":5,"column":4},"end":{"line":5,"column":32}},"2":{"start":{"line":7,"column":4},"end":{"line":7,"column":59}},"3":{"start":{"line":11,"column":27},"end":{"line":11,"column":75}},"4":{"start":{"line":12,"column":22},"end":{"line":12,"column":67}},"5":{"start":{"line":14,"column":21},"end":{"line":19,"column":6}},"6":{"start":{"line":20,"column":4},"end":{"line":20,"column":23}},"7":{"start":{"line":21,"column":4},"end":{"line":21,"column":20}},"8":{"start":{"line":25,"column":0},"end":{"line":25,"column":30}}},"fnMap":{"0":{"name":"(anonymous_0)","decl":{"start":{"line":4,"column":2},"end":{"line":4,"column":3}},"loc":{"start":{"line":4,"column":25},"end":{"line":8,"column":3}},"line":4},"1":{"name":"(anonymous_1)","decl":{"start":{"line":10,"column":2},"end":{"line":10,"column":3}},"loc":{"start":{"line":10,"column":36},"end":{"line":22,"column":3}},"line":10}},"branchMap":{},"s":{"0":1,"1":21,"2":21,"3":9,"4":8,"5":3,"6":3,"7":3,"8":1},"f":{"0":21,"1":9},"b":{},"_coverageSchema":"1a1c01bbd47fc00a2c39e90264f33305004495a9","hash":"e5ee6df23e157c9b331297450626f99f6a64733c"}
,"D:\\Self-Learning\\auth-api\\src\\Interfaces\\http\\api\\users\\index.js": {"path":"D:\\Self-Learning\\auth-api\\src\\Interfaces\\http\\api\\users\\index.js","statementMap":{"0":{"start":{"line":1,"column":21},"end":{"line":1,"column":41}},"1":{"start":{"line":2,"column":15},"end":{"line":2,"column":34}},"2":{"start":{"line":4,"column":0},"end":{"line":10,"column":2}},"3":{"start":{"line":7,"column":25},"end":{"line":7,"column":52}},"4":{"start":{"line":8,"column":4},"end":{"line":8,"column":39}}},"fnMap":{"0":{"name":"(anonymous_0)","decl":{"start":{"line":6,"column":12},"end":{"line":6,"column":13}},"loc":{"start":{"line":6,"column":45},"end":{"line":9,"column":3}},"line":6}},"branchMap":{},"s":{"0":1,"1":1,"2":1,"3":21,"4":21},"f":{"0":21},"b":{},"_coverageSchema":"1a1c01bbd47fc00a2c39e90264f33305004495a9","hash":"2f7399508e8e3988a5da00dee7b008a75c0c034d"}
,"D:\\Self-Learning\\auth-api\\src\\Interfaces\\http\\api\\users\\routes.js": {"path":"D:\\Self-Learning\\auth-api\\src\\Interfaces\\http\\api\\users\\routes.js","statementMap":{"0":{"start":{"line":1,"column":15},"end":{"line":7,"column":1}},"1":{"start":{"line":1,"column":28},"end":{"line":7,"column":1}},"2":{"start":{"line":9,"column":0},"end":{"line":9,"column":24}}},"fnMap":{"0":{"name":"(anonymous_0)","decl":{"start":{"line":1,"column":15},"end":{"line":1,"column":16}},"loc":{"start":{"line":1,"column":28},"end":{"line":7,"column":1}},"line":1}},"branchMap":{},"s":{"0":1,"1":21,"2":1},"f":{"0":21},"b":{},"_coverageSchema":"1a1c01bbd47fc00a2c39e90264f33305004495a9","hash":"1ac9fa42f0df091c5f21cc6b619e43b38f42ef33"}
}
